{
  "stats": {
    "suites": 1,
    "tests": 1,
    "passes": 0,
    "pending": 0,
    "failures": 1,
    "start": "2022-09-17T08:00:40.448Z",
    "end": "2022-09-17T08:00:54.984Z",
    "duration": 14536,
    "testsRegistered": 1,
    "passPercent": 0,
    "pendingPercent": 0,
    "other": 0,
    "hasOther": false,
    "skipped": 0,
    "hasSkipped": false
  },
  "results": [
    {
      "uuid": "e5f90b0c-9fb4-4c30-80ff-9f7d61535cb4",
      "title": "",
      "fullFile": "cypress\\integration\\merchant.feature",
      "file": "cypress\\integration\\merchant.feature",
      "beforeHooks": [],
      "afterHooks": [],
      "tests": [],
      "suites": [
        {
          "uuid": "76c61123-6b68-4edc-a16f-8882002b1c9a",
          "title": "End to End Merchant Payment Gateway",
          "fullFile": "",
          "file": "",
          "beforeHooks": [],
          "afterHooks": [],
          "tests": [
            {
              "title": "Payment gateway delivery",
              "fullTitle": "End to End Merchant Payment Gateway Payment gateway delivery",
              "timedOut": null,
              "duration": 13927,
              "state": "failed",
              "speed": null,
              "pass": false,
              "fail": true,
              "pending": false,
              "context": null,
              "code": "const state = window.testState;\nreturn cy\n  .then(() => state.onStartScenario(scenario, indexedSteps))\n  .then(() =>\n    resolveAndRunBeforeHooks.call(this, scenario.tags, state.feature.name)\n  )\n  .then(() =>\n    indexedSteps.forEach((step) =>\n      stepTest.call(this, state, step, rowData)\n    )\n  )\n  .then(() => state.onFinishScenario(scenario));",
              "err": {
                "message": "CypressError: `cy.visit()` failed trying to load:\n\nhttps://merchants.sandbox-utrust.com/\n\nWe attempted to make an http request to this URL but the request failed without a response.\n\nWe received this error at the network level:\n\n  > Error: getaddrinfo ENOTFOUND merchants.sandbox-utrust.com\n\nCommon situations why this would fail:\n  - you don't have internet access\n  - you forgot to run / boot your web server\n  - your web server isn't accessible\n  - you have weird network configuration settings on your computer",
                "estack": "CypressError: `cy.visit()` failed trying to load:\n\nhttps://merchants.sandbox-utrust.com/\n\nWe attempted to make an http request to this URL but the request failed without a response.\n\nWe received this error at the network level:\n\n  > Error: getaddrinfo ENOTFOUND merchants.sandbox-utrust.com\n\nCommon situations why this would fail:\n  - you don't have internet access\n  - you forgot to run / boot your web server\n  - your web server isn't accessible\n  - you have weird network configuration settings on your computer\n    at http://localhost:51719/__cypress/runner/cypress_runner.js:142111:82\n    at visitFailedByErr (http://localhost:51719/__cypress/runner/cypress_runner.js:141413:12)\n    at http://localhost:51719/__cypress/runner/cypress_runner.js:142110:11\n    at tryCatcher (http://localhost:51719/__cypress/runner/cypress_runner.js:11318:23)\n    at Promise._settlePromiseFromHandler (http://localhost:51719/__cypress/runner/cypress_runner.js:9253:31)\n    at Promise._settlePromise (http://localhost:51719/__cypress/runner/cypress_runner.js:9310:18)\n    at Promise._settlePromise0 (http://localhost:51719/__cypress/runner/cypress_runner.js:9355:10)\n    at Promise._settlePromises (http://localhost:51719/__cypress/runner/cypress_runner.js:9431:18)\n    at _drainQueueStep (http://localhost:51719/__cypress/runner/cypress_runner.js:6025:12)\n    at _drainQueue (http://localhost:51719/__cypress/runner/cypress_runner.js:6018:9)\n    at ../../node_modules/bluebird/js/release/async.js.Async._drainQueues (http://localhost:51719/__cypress/runner/cypress_runner.js:6034:5)\n    at Async.drainQueues (http://localhost:51719/__cypress/runner/cypress_runner.js:5904:14)\nFrom Your Spec Code:\n    at Utrust.navigate (http://localhost:51719/__cypress/tests?p=cypress\\integration\\merchant.feature:121:17)\n    at Context.eval (http://localhost:51719/__cypress/tests?p=cypress\\integration\\merchant.feature:60:10)\n    at Context.resolveAndRunStepDefinition (http://localhost:51719/__cypress/tests?p=cypress\\integration\\merchant.feature:12604:29)\n    at Context.eval (http://localhost:51719/__cypress/tests?p=cypress\\integration\\merchant.feature:11925:35)\n\nFrom Node.js Internals:\n  Error: getaddrinfo ENOTFOUND merchants.sandbox-utrust.com\n      at GetAddrInfoReqWrap.onlookup [as oncomplete] (node:dns:71:26)\n  ",
                "diff": null
              },
              "uuid": "985db8a6-e622-47f7-abdc-9473b966d47b",
              "parentUUID": "76c61123-6b68-4edc-a16f-8882002b1c9a",
              "isHook": false,
              "skipped": false
            }
          ],
          "suites": [],
          "passes": [],
          "failures": [
            "985db8a6-e622-47f7-abdc-9473b966d47b"
          ],
          "pending": [],
          "skipped": [],
          "duration": 13927,
          "root": false,
          "rootEmpty": false,
          "_timeout": 2000
        }
      ],
      "passes": [],
      "failures": [],
      "pending": [],
      "skipped": [],
      "duration": 0,
      "root": true,
      "rootEmpty": true,
      "_timeout": 2000
    }
  ],
  "meta": {
    "mocha": {
      "version": "7.0.1"
    },
    "mochawesome": {
      "options": {
        "quiet": false,
        "reportFilename": "mochawesome",
        "saveHtml": true,
        "saveJson": true,
        "consoleReporter": "spec",
        "useInlineDiffs": false,
        "code": true
      },
      "version": "7.1.3"
    },
    "marge": {
      "options": null,
      "version": "6.2.0"
    }
  }
}